2026-04-18 00:05:01,268 INFO Set uid to user 0 succeeded
2026-04-18 00:05:01,269 INFO supervisord started with pid 1
2026-04-18 00:05:02,279 INFO spawned: 'nginx' with pid 8
2026-04-18 00:05:02,284 INFO spawned: 'devops-server' with pid 9
2026-04-18 00:05:03,398 INFO success: nginx entered RUNNING state, process has stayed up for > than 1 seconds (startsecs)
2026-04-18 00:05:03,399 INFO success: devops-server entered RUNNING state, process has stayed up for > than 1 seconds (startsecs)
2026-04-18 00:10:13,864 WARN received SIGTERM indicating exit request
2026-04-18 00:10:13,866 INFO waiting for nginx, devops-server to die
2026-04-18 00:10:13,872 INFO stopped: devops-server (exit status 0)
2026-04-18 00:10:13,935 INFO stopped: nginx (exit status 0)
2026-04-18 00:35:34,344 INFO Set uid to user 0 succeeded
2026-04-18 00:35:34,350 INFO supervisord started with pid 1
2026-04-18 00:35:35,358 INFO spawned: 'nginx' with pid 8
2026-04-18 00:35:35,363 INFO spawned: 'devops-server' with pid 9
2026-04-18 00:35:36,583 INFO success: nginx entered RUNNING state, process has stayed up for > than 1 seconds (startsecs)
2026-04-18 00:35:36,584 INFO success: devops-server entered RUNNING state, process has stayed up for > than 1 seconds (startsecs)
2026-04-18 00:39:54,693 WARN received SIGTERM indicating exit request
2026-04-18 00:39:54,694 INFO waiting for nginx, devops-server to die
2026-04-18 00:39:54,695 INFO stopped: devops-server (exit status 0)
2026-04-18 00:39:54,744 INFO stopped: nginx (exit status 0)
2026-04-18 00:39:55,683 INFO Set uid to user 0 succeeded
2026-04-18 00:39:55,685 INFO supervisord started with pid 1
2026-04-18 00:39:56,693 INFO spawned: 'nginx' with pid 8
2026-04-18 00:39:56,696 INFO spawned: 'devops-server' with pid 9
2026-04-18 00:39:57,771 INFO success: nginx entered RUNNING state, process has stayed up for > than 1 seconds (startsecs)
2026-04-18 00:39:57,772 INFO success: devops-server entered RUNNING state, process has stayed up for > than 1 seconds (startsecs)
2026-04-18 00:47:21,490 WARN received SIGTERM indicating exit request
2026-04-18 00:47:21,492 INFO waiting for nginx, devops-server to die
2026-04-18 00:47:21,494 INFO stopped: devops-server (exit status 0)
2026-04-18 00:47:21,544 INFO stopped: nginx (exit status 0)
2026-04-18 00:47:22,467 INFO Set uid to user 0 succeeded
2026-04-18 00:47:22,469 INFO supervisord started with pid 1
2026-04-18 00:47:23,476 INFO spawned: 'nginx' with pid 8
2026-04-18 00:47:23,479 INFO spawned: 'devops-server' with pid 9
2026-04-18 00:47:24,539 INFO success: nginx entered RUNNING state, process has stayed up for > than 1 seconds (startsecs)
2026-04-18 00:47:24,542 INFO success: devops-server entered RUNNING state, process has stayed up for > than 1 seconds (startsecs)
2026-04-18 00:57:23,541 WARN received SIGTERM indicating exit request
2026-04-18 00:57:23,542 INFO waiting for nginx, devops-server to die
2026-04-18 00:57:23,544 INFO stopped: devops-server (exit status 0)
2026-04-18 00:57:23,584 INFO stopped: nginx (exit status 0)
2026-04-18 00:57:24,518 INFO Set uid to user 0 succeeded
2026-04-18 00:57:24,519 INFO supervisord started with pid 1
2026-04-18 00:57:25,528 INFO spawned: 'nginx' with pid 8
2026-04-18 00:57:25,531 INFO spawned: 'devops-server' with pid 9
2026-04-18 00:57:26,602 INFO success: nginx entered RUNNING state, process has stayed up for > than 1 seconds (startsecs)
2026-04-18 00:57:26,603 INFO success: devops-server entered RUNNING state, process has stayed up for > than 1 seconds (startsecs)
2026-04-18 01:01:12,912 WARN received SIGTERM indicating exit request
2026-04-18 01:01:12,914 INFO waiting for nginx, devops-server to die
2026-04-18 01:01:12,915 INFO stopped: devops-server (exit status 0)
2026-04-18 01:01:12,967 INFO stopped: nginx (exit status 0)
2026-04-18 01:01:13,941 INFO Set uid to user 0 succeeded
2026-04-18 01:01:13,948 INFO supervisord started with pid 1
2026-04-18 01:01:14,958 INFO spawned: 'nginx' with pid 8
2026-04-18 01:01:14,961 INFO spawned: 'devops-server' with pid 9
2026-04-18 01:01:16,018 INFO success: nginx entered RUNNING state, process has stayed up for > than 1 seconds (startsecs)
2026-04-18 01:01:16,019 INFO success: devops-server entered RUNNING state, process has stayed up for > than 1 seconds (startsecs)
2026-04-18 01:03:10,997 WARN received SIGTERM indicating exit request
2026-04-18 01:03:10,998 INFO waiting for nginx, devops-server to die
2026-04-18 01:03:11,004 INFO stopped: devops-server (exit status 0)
2026-04-18 01:03:11,049 INFO stopped: nginx (exit status 0)
2026-04-18 01:03:11,922 INFO Set uid to user 0 succeeded
2026-04-18 01:03:11,925 INFO supervisord started with pid 1
2026-04-18 01:03:12,932 INFO spawned: 'nginx' with pid 8
2026-04-18 01:03:12,936 INFO spawned: 'devops-server' with pid 9
2026-04-18 01:03:14,016 INFO success: nginx entered RUNNING state, process has stayed up for > than 1 seconds (startsecs)
2026-04-18 01:03:14,016 INFO success: devops-server entered RUNNING state, process has stayed up for > than 1 seconds (startsecs)
2026-04-18 10:27:23,854 WARN received SIGTERM indicating exit request
2026-04-18 10:27:23,859 INFO waiting for nginx, devops-server to die
2026-04-18 10:27:23,865 INFO stopped: devops-server (exit status 0)
2026-04-18 10:27:23,927 INFO stopped: nginx (exit status 0)
2026-04-19 17:42:56,698 INFO Set uid to user 0 succeeded
2026-04-19 17:42:56,700 INFO supervisord started with pid 1
2026-04-19 17:42:57,706 INFO spawned: 'nginx' with pid 8
2026-04-19 17:42:57,709 INFO spawned: 'devops-server' with pid 9
2026-04-19 17:42:58,804 INFO success: nginx entered RUNNING state, process has stayed up for > than 1 seconds (startsecs)
2026-04-19 17:42:58,805 INFO success: devops-server entered RUNNING state, process has stayed up for > than 1 seconds (startsecs)
2026-04-19 17:48:54,399 WARN received SIGTERM indicating exit request
2026-04-19 17:48:54,401 INFO waiting for nginx, devops-server to die
2026-04-19 17:48:54,407 INFO stopped: devops-server (exit status 0)
2026-04-19 17:48:54,469 INFO stopped: nginx (exit status 0)
2026-04-19 17:48:55,344 INFO Set uid to user 0 succeeded
2026-04-19 17:48:55,345 INFO supervisord started with pid 1
2026-04-19 17:48:56,351 INFO spawned: 'nginx' with pid 8
2026-04-19 17:48:56,354 INFO spawned: 'devops-server' with pid 9
2026-04-19 17:48:57,829 INFO success: nginx entered RUNNING state, process has stayed up for > than 1 seconds (startsecs)
2026-04-19 17:48:57,830 INFO success: devops-server entered RUNNING state, process has stayed up for > than 1 seconds (startsecs)
2026-04-19 18:09:55,782 WARN received SIGTERM indicating exit request
2026-04-19 18:09:55,783 INFO waiting for nginx, devops-server to die
2026-04-19 18:09:55,786 INFO stopped: devops-server (exit status 0)
2026-04-19 18:09:55,822 INFO stopped: nginx (exit status 0)
2026-04-19 18:09:56,672 INFO Set uid to user 0 succeeded
2026-04-19 18:09:56,673 INFO supervisord started with pid 1
2026-04-19 18:09:57,678 INFO spawned: 'nginx' with pid 8
2026-04-19 18:09:57,680 INFO spawned: 'devops-server' with pid 9
2026-04-19 18:09:58,851 INFO success: nginx entered RUNNING state, process has stayed up for > than 1 seconds (startsecs)
2026-04-19 18:09:58,851 INFO success: devops-server entered RUNNING state, process has stayed up for > than 1 seconds (startsecs)
2026-04-19 18:11:43,837 WARN received SIGTERM indicating exit request
2026-04-19 18:11:43,838 INFO waiting for nginx, devops-server to die
2026-04-19 18:11:43,840 INFO stopped: devops-server (exit status 0)
2026-04-19 18:11:43,887 INFO stopped: nginx (exit status 0)
